/* y.output. Generated by HYACC. */
/* Input file: grammars/SLE2020-grammars/expr1.y */


state 0

  [config: 6, core config: 1]

  (0) $accept -> . expr $end (core) 
  (1) expr -> . expr * expr 
  (2) expr -> . expr + expr 
  (3) expr -> . ( expr ) 
  (4) expr -> . id 
  (5) expr -> . num 

  ( [40] shift 2
  id [257] shift 3
  num [258] shift 4
  . error

  expr [-1] goto 1


state 1

  [config: 3, core config: 3]

  (0) $accept -> expr . $end (core) 
  (1) expr -> expr . * expr  (core) 
  (2) expr -> expr . + expr  (core) 

  $end [0] Accept
  * [42] shift 5
  + [43] shift 6
  . error



state 2

  [config: 6, core config: 1]

  (3) expr -> ( . expr )  (core) 
  (1) expr -> . expr * expr 
  (2) expr -> . expr + expr 
  (3) expr -> . ( expr ) 
  (4) expr -> . id 
  (5) expr -> . num 

  ( [40] shift 2
  id [257] shift 3
  num [258] shift 4
  . error

  expr [-1] goto 7


state 3

  [config: 1, core config: 1]

  (4) expr -> id .  (core) 

  . reduce (4)


state 4

  [config: 1, core config: 1]

  (5) expr -> num .  (core) 

  . reduce (5)


state 5

  [config: 6, core config: 1]

  (1) expr -> expr * . expr  (core) 
  (1) expr -> . expr * expr 
  (2) expr -> . expr + expr 
  (3) expr -> . ( expr ) 
  (4) expr -> . id 
  (5) expr -> . num 

  ( [40] shift 2
  id [257] shift 3
  num [258] shift 4
  . error

  expr [-1] goto 8


state 6

  [config: 6, core config: 1]

  (2) expr -> expr + . expr  (core) 
  (1) expr -> . expr * expr 
  (2) expr -> . expr + expr 
  (3) expr -> . ( expr ) 
  (4) expr -> . id 
  (5) expr -> . num 

  ( [40] shift 2
  id [257] shift 3
  num [258] shift 4
  . error

  expr [-1] goto 9


state 7

  [config: 3, core config: 3]

  (3) expr -> ( expr . )  (core) 
  (1) expr -> expr . * expr  (core) 
  (2) expr -> expr . + expr  (core) 

  * [42] shift 5
  + [43] shift 6
  ) [41] shift 10
  . error



8: shift/reduce conflict (shift 5, red'n 1) on '*'
8: shift/reduce conflict (shift 6, red'n 1) on '+'
state 8

  [config: 3, core config: 3]

  (1) expr -> expr . * expr  (core) 
  (1) expr -> expr * expr .  (core) 
  (2) expr -> expr . + expr  (core) 

  * [42] shift 5
  + [43] shift 6
  . reduce (1)



9: shift/reduce conflict (shift 5, red'n 2) on '*'
9: shift/reduce conflict (shift 6, red'n 2) on '+'
state 9

  [config: 3, core config: 3]

  (1) expr -> expr . * expr  (core) 
  (2) expr -> expr . + expr  (core) 
  (2) expr -> expr + expr .  (core) 

  * [42] shift 5
  + [43] shift 6
  . reduce (2)



state 10

  [config: 1, core config: 1]

  (3) expr -> ( expr ) .  (core) 

  . reduce (3)



Conflicts:  4 shift/reduce, 0 reduce/reduce

  state 8: 2 shift/reduce conflicts
  state 9: 2 shift/reduce conflicts


6 terminals, 2 nonterminals
6 grammar rules
11 states without optimization
4 shift/reduce conflicts, 0 reduce/reduce conflict
